<?xml version="1.0" encoding="UTF-8"?>
<!-- Generated by org.testng.reporters.JUnitReportReporter -->
<testsuite hostname="DESKTOP-DJ4FDME" failures="0" tests="3" name="org.xyz.auto.fb.testcases.LoginScenario_DDF" time="18.230" errors="0" timestamp="2023-10-31T21:04:08 IST" skipped="0">
  <testcase classname="org.xyz.auto.fb.testcases.LoginScenario_DDF" name="loginfunc" time="2.843"/>
  <testcase classname="org.xyz.auto.fb.testcases.LoginScenario_DDF" name="loginfunc" time="2.637"/>
  <testcase classname="org.xyz.auto.fb.testcases.LoginScenario_DDF" name="loginfunc" time="12.750"/>
</testsuite> <!-- org.xyz.auto.fb.testcases.LoginScenario_DDF -->
