<?xml version="1.0" encoding="UTF-8"?>
<!-- Generated by org.testng.reporters.JUnitReportReporter -->
<testsuite hostname="DESKTOP-DJ4FDME" failures="0" tests="2" name="automation.BrowserControl" time="11.740" errors="0" timestamp="2023-10-19T20:45:44 IST" skipped="1">
  <testcase classname="automation.BrowserControl" name="thetestingworld" time="11.740"/>
  <testcase classname="automation.BrowserControl" name="launchBrowser">
    <skipped/>
  </testcase> <!-- launchBrowser -->
</testsuite> <!-- automation.BrowserControl -->
