<?xml version="1.0" encoding="UTF-8"?>
<!-- Generated by org.testng.reporters.JUnitReportReporter -->
<testsuite hostname="DESKTOP-DJ4FDME" failures="0" tests="4" name="automation.KeyboardMouse" time="13.175" errors="0" timestamp="2023-10-23T20:37:13 IST" skipped="2">
  <testcase classname="automation.KeyboardMouse" name="handlealerts" time="6.124"/>
  <testcase classname="automation.KeyboardMouse" name="handleframes" time="7.051"/>
  <testcase classname="automation.KeyboardMouse" name="keyboarddemo">
    <skipped/>
  </testcase> <!-- keyboarddemo -->
  <testcase classname="automation.KeyboardMouse" name="mousedemo">
    <skipped/>
  </testcase> <!-- mousedemo -->
</testsuite> <!-- automation.KeyboardMouse -->
