<?xml version="1.0" encoding="UTF-8"?>
<!-- Generated by org.testng.reporters.JUnitReportReporter -->
<testsuite hostname="DESKTOP-DJ4FDME" failures="0" tests="2" name="automation.FetchDataRunTime" time="5.157" errors="0" timestamp="2023-10-18T20:37:49 IST" skipped="1">
  <testcase classname="automation.FetchDataRunTime" name="thetestingworld" time="5.157"/>
  <testcase classname="automation.FetchDataRunTime" name="facebook">
    <skipped/>
  </testcase> <!-- facebook -->
</testsuite> <!-- automation.FetchDataRunTime -->
