<?xml version="1.0" encoding="UTF-8"?>
<!-- Generated by org.testng.reporters.JUnitReportReporter -->
<testsuite hostname="DESKTOP-DJ4FDME" failures="0" tests="8" name="learnTestNG.TestScenario11" time="0.011" errors="0" timestamp="2023-10-10T20:31:44 IST" skipped="0">
  <testcase classname="learnTestNG.TestScenario11" name="second_testcase" time="0.002"/>
  <testcase classname="learnTestNG.TestScenario11" name="forth_testcase" time="0.001"/>
  <testcase classname="learnTestNG.TestScenario11" name="third_testcase" time="0.001"/>
  <testcase classname="learnTestNG.TestScenario11" name="fifth_testcase" time="0.004"/>
  <testcase classname="learnTestNG.TestScenario11" name="seven_testcase" time="0.000"/>
  <testcase classname="learnTestNG.TestScenario11" name="first_testcase" time="0.001"/>
  <testcase classname="learnTestNG.TestScenario11" name="eight_testcase" time="0.002"/>
  <testcase classname="learnTestNG.TestScenario11" name="sixth_testcase" time="0.000"/>
</testsuite> <!-- learnTestNG.TestScenario11 -->
