<?xml version="1.0" encoding="UTF-8"?>
<!-- Generated by org.testng.reporters.JUnitReportReporter -->
<testsuite hostname="DESKTOP-DJ4FDME" failures="0" tests="1" name="org.xyz.auto.fb.testcases.SignupScenario" time="5.028" errors="0" timestamp="2023-10-31T20:54:35 IST" skipped="0">
  <testcase classname="org.xyz.auto.fb.testcases.SignupScenario" name="signupFunc" time="5.028"/>
</testsuite> <!-- org.xyz.auto.fb.testcases.SignupScenario -->
