<?xml version="1.0" encoding="UTF-8"?>
<!-- Generated by org.testng.reporters.JUnitReportReporter -->
<testsuite hostname="DESKTOP-DJ4FDME" failures="0" tests="2" name="automation.First_Automation" time="5.957" errors="0" timestamp="2023-10-19T20:24:02 IST" skipped="1">
  <testcase classname="automation.First_Automation" name="signfunc" time="5.957"/>
  <testcase classname="automation.First_Automation" name="loginfunc">
    <skipped/>
  </testcase> <!-- loginfunc -->
</testsuite> <!-- automation.First_Automation -->
